
> my-project@0.1.0 build C:\Desktop\Web Protos\v0-school-website-design
> next build

  Ôû▓ Next.js 14.2.35
  - Environments: .env
  - Experiments (use with caution):
    ┬À instrumentationHook

   Creating an optimized production build ...
 Ô£ô Compiled successfully
   Linting and checking validity of types ...
   Collecting page data ...
   Generating static pages (0/43) ...
   Generating static pages (10/43) 
   Generating static pages (21/43) 
   Generating static pages (32/43) 
 Ô£ô Generating static pages (43/43)
   Finalizing page optimization ...
   Collecting build traces ...

Route (app)                                Size     First Load JS
Ôöî Ôùï /                                      5.39 kB         246 kB
Ôö£ Ôùï /_not-found                            1.03 kB         160 kB
Ôö£ Ôùï /about                                 4.92 kB         239 kB
Ôö£ Ôùï /academics                             9.44 kB         252 kB
Ôö£ Ôùï /admissions                            6.36 kB         266 kB
Ôö£ ãÆ /api/auth/[...nextauth]                0 B                0 B
Ôö£ Ôùï /api/health                            0 B                0 B
Ôö£ Ôùï /contact                               5.32 kB         265 kB
Ôö£ Ôùï /portal                                332 B           160 kB
Ôö£ Ôùï /portal/403                            1.93 kB         212 kB
Ôö£ ãÆ /portal/admin                          5.01 kB         268 kB
Ôö£ ãÆ /portal/admin/analytics                6.03 kB         264 kB
Ôö£ ãÆ /portal/admin/audit                    331 B           160 kB
Ôö£ ãÆ /portal/admin/classes                  5.62 kB         300 kB
Ôö£ ãÆ /portal/admin/periods                  4.82 kB         299 kB
Ôö£ ãÆ /portal/admin/reports                  7.69 kB         270 kB
Ôö£ ãÆ /portal/admin/roles                    11.1 kB         276 kB
Ôö£ ãÆ /portal/admin/school-settings          12.7 kB         295 kB
Ôö£ ãÆ /portal/admin/search                   4.35 kB         236 kB
Ôö£ ãÆ /portal/admin/students                 6.71 kB         301 kB
Ôö£ ãÆ /portal/admin/teachers                 6.8 kB          301 kB
Ôö£ ãÆ /portal/admin/users                    5.74 kB         305 kB
Ôö£ Ôùï /portal/change-password                3.52 kB         235 kB
Ôö£ Ôùï /portal/forgot-password                3.28 kB         178 kB
Ôö£ Ôùï /portal/login                          7.13 kB         197 kB
Ôö£ Ôùï /portal/reset-password                 4.45 kB         180 kB
Ôö£ Ôùï /portal/security                       6.76 kB         249 kB
Ôö£ ãÆ /portal/student                        8.25 kB         240 kB
Ôö£ ãÆ /portal/student/announcements          6.07 kB         244 kB
Ôö£ ãÆ /portal/student/attendance             6.96 kB         265 kB
Ôö£ ãÆ /portal/student/grades                 5.22 kB         263 kB
Ôö£ ãÆ /portal/student/profile                6.2 kB          238 kB
Ôö£ ãÆ /portal/student/search                 4.13 kB         236 kB
Ôö£ ãÆ /portal/student/timetable              8.88 kB         240 kB
Ôö£ ãÆ /portal/teacher                        8.4 kB          240 kB
Ôö£ ãÆ /portal/teacher/attendance             24.9 kB         287 kB
Ôö£ ãÆ /portal/teacher/classes                3.5 kB          235 kB
Ôö£ ãÆ /portal/teacher/gradebook              5.99 kB         268 kB
Ôö£ ãÆ /portal/teacher/profile                3.9 kB          240 kB
Ôö£ ãÆ /portal/teacher/reports                5.89 kB         268 kB
Ôö£ ãÆ /portal/teacher/search                 4.07 kB         236 kB
Ôöö Ôùï /unauthorized                          334 B           160 kB
+ First Load JS shared by all              159 kB
  Ôö£ chunks/2093-a6df063ba6e472f9.js        102 kB
  Ôö£ chunks/a5ab604c-97f4b0821204a7eb.js    53.8 kB
  Ôöö other shared chunks (total)            3.13 kB

Route (pages)                              Size     First Load JS
Ôöî ãÆ /api/admin/users                       0 B             129 kB
Ôö£ ãÆ /api/admin/users/update-role           0 B             129 kB
Ôö£ ãÆ /api/auth/request-reset                0 B             129 kB
Ôö£ ãÆ /api/auth/reset-password               0 B             129 kB
Ôö£ ãÆ /api/secure/example                    0 B             129 kB
Ôöö ãÆ /api/users/create                      0 B             129 kB
+ First Load JS shared by all              129 kB
  Ôö£ chunks/framework-8f7e7c8830e2aed0.js   45 kB
  Ôö£ chunks/main-a004759f674fdbde.js        34.7 kB
  Ôö£ chunks/pages/_app-e01358f9e9a35e09.js  47.1 kB
  Ôöö other shared chunks (total)            2.17 kB

ãÆ Middleware                               107 kB

Ôùï  (Static)   prerendered as static content
ãÆ  (Dynamic)  server-rendered on demand

